-------------------------------------------------------------------------------
Test set: TestSuite
-------------------------------------------------------------------------------
Tests run: 3, Failures: 1, Errors: 0, Skipped: 2, Time elapsed: 11.121 s <<< FAILURE! - in TestSuite
general.Login_Magic_link.LoginTOApplication  Time elapsed: 10.662 s  <<< FAILURE!
java.lang.NullPointerException: Cannot invoke "io.appium.java_client.ios.IOSDriver.getPageSource()" because "general.Login_Magic_link.driver" is null
	at general.Login_Magic_link.LoginTOApplication(Login_Magic_link.java:157)

