<?xml version="1.0" encoding="UTF-8"?>
<testsuite xmlns:xsi="http://www.w3.org/2001/XMLSchema-instance" xsi:noNamespaceSchemaLocation="https://maven.apache.org/surefire/maven-surefire-plugin/xsd/surefire-test-report-3.0.xsd" version="3.0" name="TestSuite" time="719.624" tests="15" errors="0" skipped="0" failures="2">
  <properties>
[...]
</properties>
  <testcase name="sent_invite" classname="general.Invite_Crew" time="51.408">
    <system-out><![CDATA[ Application Installed & Allow permission has been given 
Encrypted Text: t4R2UY3s4lCmbk7LouyHr++MCndthzrV0U+rfcoEbLg=
t4R2UY3s4lCmbk7LouyHr++MCndthzrV0U+rfcoEbLg=
OK
{"status":true,"message":"Details Fetched Successfully.","data":{"login_link":"https://starboard.activ.space/user/authenticate-token?token=eyJhbGciOiJIUzI1NiIsInR5cCI6IkpXVCJ9.eyJ0aW1lc3RhbXAiOjE3MDY4NzA4NjkuOTYzMzg2LCJpZCI6MTMxLCJvcmdfaWQiOm51bGx9.mxzbyVSN3R6fmXXf_lr_9aQxPt9WqldtiRl3VYIUF90"}}
data
Link -> {"login_link":"https://starboard.activ.space/user/authenticate-token?token=eyJhbGciOiJIUzI1NiIsInR5cCI6IkpXVCJ9.eyJ0aW1lc3RhbXAiOjE3MDY4NzA4NjkuOTYzMzg2LCJpZCI6MTMxLCJvcmdfaWQiOm51bGx9.mxzbyVSN3R6fmXXf_lr_9aQxPt9WqldtiRl3VYIUF90"}
String -> {"login_link":"https://starboard.activ.space/user/authenticate-token?token=eyJhbGciOiJIUzI1NiIsInR5cCI6IkpXVCJ9.eyJ0aW1lc3RhbXAiOjE3MDY4NzA4NjkuOTYzMzg2LCJpZCI6MTMxLCJvcmdfaWQiOm51bGx9.mxzbyVSN3R6fmXXf_lr_9aQxPt9WqldtiRl3VYIUF90"}
Link -> https://starboard.activ.space/user/authenticate-token?token=eyJhbGciOiJIUzI1NiIsInR5cCI6IkpXVCJ9.eyJ0aW1lc3RhbXAiOjE3MDY4NzA4NjkuOTYzMzg2LCJpZCI6MTMxLCJvcmdfaWQiOm51bGx9.mxzbyVSN3R6fmXXf_lr_9aQxPt9WqldtiRl3VYIUF90
Installed App found and it is on Enter new PIN screen
]]></system-out>
    <system-err><![CDATA[[main] INFO org.testng.internal.Utils - [TestRunner] Running the tests in 'Starboard_test_cases' with parallel mode:none
[main] INFO org.testng.internal.Utils - [RunInfo] Adding method selector: org.testng.internal.XmlMethodSelector@4102b1b1 priority: 10
[main] INFO org.testng.internal.Utils - [TestClass] Creating TestClass for [ClassImpl class=general.Login_Magic_link]
[main] INFO org.testng.internal.Utils - [XmlMethodSelector] Including method general.LoginTOApplication()
[main] INFO org.testng.internal.Utils - [Utils] MethodGroupsHelper.collectMethodsByGroup() took 7 ms.
[main] INFO org.testng.internal.Utils - [Utils] MethodGroupsHelper.sortMethods() took 9 ms.
[main] INFO org.testng.internal.Utils - [XmlMethodSelector] Including method general.TearDown()
[main] INFO org.testng.internal.Utils - [Utils] MethodGroupsHelper.collectMethodsByGroup() took 0 ms.
[main] INFO org.testng.internal.Utils - [Utils] MethodGroupsHelper.sortMethods() took 0 ms.
[main] INFO org.testng.internal.Utils - [Utils] MethodGroupsHelper.collectMethodsByGroup() took 0 ms.
[main] INFO org.testng.internal.Utils - [Utils] MethodGroupsHelper.sortMethods() took 0 ms.
[main] INFO org.testng.internal.Utils - [Utils] MethodGroupsHelper.collectMethodsByGroup() took 0 ms.
[main] INFO org.testng.internal.Utils - [Utils] MethodGroupsHelper.sortMethods() took 0 ms.
[main] INFO org.testng.internal.Utils - [Utils] MethodGroupsHelper.collectMethodsByGroup() took 0 ms.
[main] INFO org.testng.internal.Utils - [Utils] MethodGroupsHelper.sortMethods() took 0 ms.
[main] INFO org.testng.internal.Utils - [Utils] MethodGroupsHelper.collectMethodsByGroup() took 0 ms.
[main] INFO org.testng.internal.Utils - [Utils] MethodGroupsHelper.sortMethods() took 0 ms.
[main] INFO org.testng.internal.Utils - [Utils] MethodGroupsHelper.collectMethodsByGroup() took 0 ms.
[main] INFO org.testng.internal.Utils - [Utils] MethodGroupsHelper.sortMethods() took 0 ms.
[main] INFO org.testng.internal.Utils - [Utils] MethodGroupsHelper.collectMethodsByGroup() took 0 ms.
[main] INFO org.testng.internal.Utils - [Utils] MethodGroupsHelper.sortMethods() took 0 ms.
[main] INFO org.testng.internal.Utils - [Utils] MethodGroupsHelper.collectMethodsByGroup() took 0 ms.
[main] INFO org.testng.internal.Utils - [Utils] MethodGroupsHelper.sortMethods() took 0 ms.
[main] INFO org.testng.internal.Utils - [Utils] MethodGroupsHelper.collectMethodsByGroup() took 0 ms.
[main] INFO org.testng.internal.Utils - [Utils] MethodGroupsHelper.sortMethods() took 0 ms.
[main] INFO org.testng.internal.Utils - [TestClass] Creating TestClass for [ClassImpl class=general.Invite_Crew]
[main] INFO org.testng.internal.Utils - [TestClass] Adding method Invite_Crew.sent_invite()[pri:1, instance:null] on TestClass class general.Invite_Crew
[main] INFO org.testng.internal.Utils - [Utils] MethodGroupsHelper.collectMethodsByGroup() took 0 ms.
[main] INFO org.testng.internal.Utils - [Utils] MethodGroupsHelper.sortMethods() took 0 ms.
[main] INFO org.testng.internal.Utils - [Utils] MethodGroupsHelper.collectMethodsByGroup() took 0 ms.
[main] INFO org.testng.internal.Utils - [Utils] MethodGroupsHelper.sortMethods() took 0 ms.
[main] INFO org.testng.internal.Utils - [Utils] MethodGroupsHelper.collectMethodsByGroup() took 0 ms.
[main] INFO org.testng.internal.Utils - [Utils] MethodGroupsHelper.sortMethods() took 0 ms.
[main] INFO org.testng.internal.Utils - [Utils] MethodGroupsHelper.collectMethodsByGroup() took 0 ms.
[main] INFO org.testng.internal.Utils - [Utils] MethodGroupsHelper.sortMethods() took 0 ms.
[main] INFO org.testng.internal.Utils - [Utils] MethodGroupsHelper.collectMethodsByGroup() took 0 ms.
[main] INFO org.testng.internal.Utils - [Utils] MethodGroupsHelper.sortMethods() took 0 ms.
[main] INFO org.testng.internal.Utils - [Utils] MethodGroupsHelper.collectMethodsByGroup() took 0 ms.
[main] INFO org.testng.internal.Utils - [Utils] MethodGroupsHelper.sortMethods() took 0 ms.
[main] INFO org.testng.internal.Utils - [Utils] MethodGroupsHelper.collectMethodsByGroup() took 0 ms.
[main] INFO org.testng.internal.Utils - [Utils] MethodGroupsHelper.sortMethods() took 0 ms.
[main] INFO org.testng.internal.Utils - [Utils] MethodGroupsHelper.collectMethodsByGroup() took 0 ms.
[main] INFO org.testng.internal.Utils - [Utils] MethodGroupsHelper.sortMethods() took 0 ms.
[main] INFO org.testng.internal.Utils - [Utils] MethodGroupsHelper.collectMethodsByGroup() took 0 ms.
[main] INFO org.testng.internal.Utils - [Utils] MethodGroupsHelper.sortMethods() took 0 ms.
[main] INFO org.testng.internal.Utils - [Utils] MethodGroupsHelper.collectMethodsByGroup() took 0 ms.
[main] INFO org.testng.internal.Utils - [Utils] MethodGroupsHelper.sortMethods() took 0 ms.
[main] INFO org.testng.internal.Utils - [TestClass] Creating TestClass for [ClassImpl class=general.Add_Location]
[main] INFO org.testng.internal.Utils - [TestClass] Adding method Add_Location.Update_location()[pri:1, instance:null] on TestClass class general.Add_Location
[main] INFO org.testng.internal.Utils - [Utils] MethodGroupsHelper.collectMethodsByGroup() took 0 ms.
[main] INFO org.testng.internal.Utils - [Utils] MethodGroupsHelper.sortMethods() took 0 ms.
[main] INFO org.testng.internal.Utils - [Utils] MethodGroupsHelper.collectMethodsByGroup() took 0 ms.
[main] INFO org.testng.internal.Utils - [Utils] MethodGroupsHelper.sortMethods() took 0 ms.
[main] INFO org.testng.internal.Utils - [Utils] MethodGroupsHelper.collectMethodsByGroup() took 0 ms.
[main] INFO org.testng.internal.Utils - [Utils] MethodGroupsHelper.sortMethods() took 0 ms.
[main] INFO org.testng.internal.Utils - [Utils] MethodGroupsHelper.collectMethodsByGroup() took 0 ms.
[main] INFO org.testng.internal.Utils - [Utils] MethodGroupsHelper.sortMethods() took 0 ms.
[main] INFO org.testng.internal.Utils - [Utils] MethodGroupsHelper.collectMethodsByGroup() took 0 ms.
[main] INFO org.testng.internal.Utils - [Utils] MethodGroupsHelper.sortMethods() took 0 ms.
[main] INFO org.testng.internal.Utils - [Utils] MethodGroupsHelper.collectMethodsByGroup() took 0 ms.
[main] INFO org.testng.internal.Utils - [Utils] MethodGroupsHelper.sortMethods() took 0 ms.
[main] INFO org.testng.internal.Utils - [Utils] MethodGroupsHelper.collectMethodsByGroup() took 0 ms.
[main] INFO org.testng.internal.Utils - [Utils] MethodGroupsHelper.sortMethods() took 0 ms.
[main] INFO org.testng.internal.Utils - [Utils] MethodGroupsHelper.collectMethodsByGroup() took 0 ms.
[main] INFO org.testng.internal.Utils - [Utils] MethodGroupsHelper.sortMethods() took 0 ms.
[main] INFO org.testng.internal.Utils - [Utils] MethodGroupsHelper.collectMethodsByGroup() took 0 ms.
[main] INFO org.testng.internal.Utils - [Utils] MethodGroupsHelper.sortMethods() took 0 ms.
[main] INFO org.testng.internal.Utils - [Utils] MethodGroupsHelper.collectMethodsByGroup() took 0 ms.
[main] INFO org.testng.internal.Utils - [Utils] MethodGroupsHelper.sortMethods() took 0 ms.
[main] INFO org.testng.internal.Utils - [TestClass] Creating TestClass for [ClassImpl class=general.Linking_Transactions]
[main] INFO org.testng.internal.Utils - [TestClass] Adding method Linking_Transactions.Link_Invoice()[pri:1, instance:null] on TestClass class general.Linking_Transactions
[main] INFO org.testng.internal.Utils - [TestClass] Adding method Linking_Transactions.Notes_Add()[pri:3, instance:null] on TestClass class general.Linking_Transactions
[main] INFO org.testng.internal.Utils - [TestClass] Adding method Linking_Transactions.Link_Expense_Categories()[pri:2, instance:null] on TestClass class general.Linking_Transactions
[main] INFO org.testng.internal.Utils - [Utils] MethodGroupsHelper.collectMethodsByGroup() took 0 ms.
[main] INFO org.testng.internal.Utils - [Utils] MethodGroupsHelper.sortMethods() took 0 ms.
[main] INFO org.testng.internal.Utils - [Utils] MethodGroupsHelper.collectMethodsByGroup() took 0 ms.
[main] INFO org.testng.internal.Utils - [Utils] MethodGroupsHelper.sortMethods() took 0 ms.
[main] INFO org.testng.internal.Utils - [Utils] MethodGroupsHelper.collectMethodsByGroup() took 0 ms.
[main] INFO org.testng.internal.Utils - [Utils] MethodGroupsHelper.sortMethods() took 0 ms.
[main] INFO org.testng.internal.Utils - [Utils] MethodGroupsHelper.collectMethodsByGroup() took 0 ms.
[main] INFO org.testng.internal.Utils - [Utils] MethodGroupsHelper.sortMethods() took 0 ms.
[main] INFO org.testng.internal.Utils - [Utils] MethodGroupsHelper.collectMethodsByGroup() took 0 ms.
[main] INFO org.testng.internal.Utils - [Utils] MethodGroupsHelper.sortMethods() took 0 ms.
[main] INFO org.testng.internal.Utils - [Utils] MethodGroupsHelper.collectMethodsByGroup() took 0 ms.
[main] INFO org.testng.internal.Utils - [Utils] MethodGroupsHelper.sortMethods() took 0 ms.
[main] INFO org.testng.internal.Utils - [Utils] MethodGroupsHelper.collectMethodsByGroup() took 0 ms.
[main] INFO org.testng.internal.Utils - [Utils] MethodGroupsHelper.sortMethods() took 0 ms.
[main] INFO org.testng.internal.Utils - [Utils] MethodGroupsHelper.collectMethodsByGroup() took 0 ms.
[main] INFO org.testng.internal.Utils - [Utils] MethodGroupsHelper.sortMethods() took 0 ms.
[main] INFO org.testng.internal.Utils - [Utils] MethodGroupsHelper.collectMethodsByGroup() took 0 ms.
[main] INFO org.testng.internal.Utils - [Utils] MethodGroupsHelper.sortMethods() took 0 ms.
[main] INFO org.testng.internal.Utils - [Utils] MethodGroupsHelper.collectMethodsByGroup() took 0 ms.
[main] INFO org.testng.internal.Utils - [Utils] MethodGroupsHelper.sortMethods() took 0 ms.
[main] INFO org.testng.internal.Utils - [TestClass] Creating TestClass for [ClassImpl class=general.Setting_Preference]
[main] INFO org.testng.internal.Utils - [TestClass] Adding method Setting_Preference.Preference()[pri:1, instance:null] on TestClass class general.Setting_Preference
[main] INFO org.testng.internal.Utils - [TestClass] Adding method Setting_Preference.Update_mydetails()[pri:2, instance:null] on TestClass class general.Setting_Preference
[main] INFO org.testng.internal.Utils - [Utils] MethodGroupsHelper.collectMethodsByGroup() took 0 ms.
[main] INFO org.testng.internal.Utils - [Utils] MethodGroupsHelper.sortMethods() took 0 ms.
[main] INFO org.testng.internal.Utils - [Utils] MethodGroupsHelper.collectMethodsByGroup() took 0 ms.
[main] INFO org.testng.internal.Utils - [Utils] MethodGroupsHelper.sortMethods() took 0 ms.
[main] INFO org.testng.internal.Utils - [Utils] MethodGroupsHelper.collectMethodsByGroup() took 0 ms.
[main] INFO org.testng.internal.Utils - [Utils] MethodGroupsHelper.sortMethods() took 0 ms.
[main] INFO org.testng.internal.Utils - [Utils] MethodGroupsHelper.collectMethodsByGroup() took 0 ms.
[main] INFO org.testng.internal.Utils - [Utils] MethodGroupsHelper.sortMethods() took 0 ms.
[main] INFO org.testng.internal.Utils - [Utils] MethodGroupsHelper.collectMethodsByGroup() took 0 ms.
[main] INFO org.testng.internal.Utils - [Utils] MethodGroupsHelper.sortMethods() took 0 ms.
[main] INFO org.testng.internal.Utils - [Utils] MethodGroupsHelper.collectMethodsByGroup() took 0 ms.
[main] INFO org.testng.internal.Utils - [Utils] MethodGroupsHelper.sortMethods() took 0 ms.
[main] INFO org.testng.internal.Utils - [Utils] MethodGroupsHelper.collectMethodsByGroup() took 0 ms.
[main] INFO org.testng.internal.Utils - [Utils] MethodGroupsHelper.sortMethods() took 0 ms.
[main] INFO org.testng.internal.Utils - [Utils] MethodGroupsHelper.collectMethodsByGroup() took 0 ms.
[main] INFO org.testng.internal.Utils - [Utils] MethodGroupsHelper.sortMethods() took 0 ms.
[main] INFO org.testng.internal.Utils - [Utils] MethodGroupsHelper.collectMethodsByGroup() took 0 ms.
[main] INFO org.testng.internal.Utils - [Utils] MethodGroupsHelper.sortMethods() took 0 ms.
[main] INFO org.testng.internal.Utils - [Utils] MethodGroupsHelper.collectMethodsByGroup() took 0 ms.
[main] INFO org.testng.internal.Utils - [Utils] MethodGroupsHelper.sortMethods() took 0 ms.
[main] INFO org.testng.internal.Utils - [TestClass] Creating TestClass for [ClassImpl class=general.Setting_Yacht]
[main] INFO org.testng.internal.Utils - [TestClass] Adding method Setting_Yacht.Sync_data()[pri:1, instance:null] on TestClass class general.Setting_Yacht
[main] INFO org.testng.internal.Utils - [Utils] MethodGroupsHelper.collectMethodsByGroup() took 0 ms.
[main] INFO org.testng.internal.Utils - [Utils] MethodGroupsHelper.sortMethods() took 0 ms.
[main] INFO org.testng.internal.Utils - [Utils] MethodGroupsHelper.collectMethodsByGroup() took 0 ms.
[main] INFO org.testng.internal.Utils - [Utils] MethodGroupsHelper.sortMethods() took 0 ms.
[main] INFO org.testng.internal.Utils - [Utils] MethodGroupsHelper.collectMethodsByGroup() took 0 ms.
[main] INFO org.testng.internal.Utils - [Utils] MethodGroupsHelper.sortMethods() took 0 ms.
[main] INFO org.testng.internal.Utils - [Utils] MethodGroupsHelper.collectMethodsByGroup() took 0 ms.
[main] INFO org.testng.internal.Utils - [Utils] MethodGroupsHelper.sortMethods() took 0 ms.
[main] INFO org.testng.internal.Utils - [Utils] MethodGroupsHelper.collectMethodsByGroup() took 0 ms.
[main] INFO org.testng.internal.Utils - [Utils] MethodGroupsHelper.sortMethods() took 0 ms.
[main] INFO org.testng.internal.Utils - [Utils] MethodGroupsHelper.collectMethodsByGroup() took 0 ms.
[main] INFO org.testng.internal.Utils - [Utils] MethodGroupsHelper.sortMethods() took 0 ms.
[main] INFO org.testng.internal.Utils - [Utils] MethodGroupsHelper.collectMethodsByGroup() took 0 ms.
[main] INFO org.testng.internal.Utils - [Utils] MethodGroupsHelper.sortMethods() took 0 ms.
[main] INFO org.testng.internal.Utils - [Utils] MethodGroupsHelper.collectMethodsByGroup() took 0 ms.
[main] INFO org.testng.internal.Utils - [Utils] MethodGroupsHelper.sortMethods() took 0 ms.
[main] INFO org.testng.internal.Utils - [Utils] MethodGroupsHelper.collectMethodsByGroup() took 0 ms.
[main] INFO org.testng.internal.Utils - [Utils] MethodGroupsHelper.sortMethods() took 0 ms.
[main] INFO org.testng.internal.Utils - [Utils] MethodGroupsHelper.collectMethodsByGroup() took 0 ms.
[main] INFO org.testng.internal.Utils - [Utils] MethodGroupsHelper.sortMethods() took 0 ms.
[main] INFO org.testng.internal.Utils - [TestClass] Creating TestClass for [ClassImpl class=general.More_Module]
[main] INFO org.testng.internal.Utils - [TestClass] Adding method More_Module.Expense_category()[pri:7, instance:null] on TestClass class general.More_Module
[main] INFO org.testng.internal.Utils - [TestClass] Adding method More_Module.Reports()[pri:6, instance:null] on TestClass class general.More_Module
[main] INFO org.testng.internal.Utils - [TestClass] Adding method More_Module.Projects()[pri:5, instance:null] on TestClass class general.More_Module
[main] INFO org.testng.internal.Utils - [TestClass] Adding method More_Module.Quotes()[pri:4, instance:null] on TestClass class general.More_Module
[main] INFO org.testng.internal.Utils - [TestClass] Adding method More_Module.Invoices()[pri:3, instance:null] on TestClass class general.More_Module
[main] INFO org.testng.internal.Utils - [TestClass] Adding method More_Module.Supplier()[pri:1, instance:null] on TestClass class general.More_Module
[main] INFO org.testng.internal.Utils - [TestClass] Adding method More_Module.Purchase_Orders()[pri:2, instance:null] on TestClass class general.More_Module
[main] INFO org.testng.internal.Utils - [Utils] MethodGroupsHelper.collectMethodsByGroup() took 0 ms.
[main] INFO org.testng.internal.Utils - [Utils] MethodGroupsHelper.sortMethods() took 0 ms.
[main] INFO org.testng.internal.Utils - [Utils] MethodGroupsHelper.collectMethodsByGroup() took 0 ms.
[main] INFO org.testng.internal.Utils - [Utils] MethodGroupsHelper.sortMethods() took 0 ms.
[main] INFO org.testng.internal.Utils - [Utils] MethodGroupsHelper.collectMethodsByGroup() took 0 ms.
[main] INFO org.testng.internal.Utils - [Utils] MethodGroupsHelper.sortMethods() took 0 ms.
[main] INFO org.testng.internal.Utils - [Utils] MethodGroupsHelper.collectMethodsByGroup() took 0 ms.
[main] INFO org.testng.internal.Utils - [Utils] MethodGroupsHelper.sortMethods() took 0 ms.
[main] INFO org.testng.internal.Utils - [Utils] MethodGroupsHelper.collectMethodsByGroup() took 0 ms.
[main] INFO org.testng.internal.Utils - [Utils] MethodGroupsHelper.sortMethods() took 0 ms.
[main] INFO org.testng.internal.Utils - [Utils] MethodGroupsHelper.collectMethodsByGroup() took 0 ms.
[main] INFO org.testng.internal.Utils - [Utils] MethodGroupsHelper.sortMethods() took 0 ms.
[main] INFO org.testng.internal.Utils - [Utils] MethodGroupsHelper.collectMethodsByGroup() took 0 ms.
[main] INFO org.testng.internal.Utils - [Utils] MethodGroupsHelper.sortMethods() took 0 ms.
[main] INFO org.testng.internal.Utils - [Utils] MethodGroupsHelper.collectMethodsByGroup() took 0 ms.
[main] INFO org.testng.internal.Utils - [Utils] MethodGroupsHelper.sortMethods() took 0 ms.
[main] INFO org.testng.internal.Utils - [Utils] MethodGroupsHelper.collectMethodsByGroup() took 0 ms.
[main] INFO org.testng.internal.Utils - [Utils] MethodGroupsHelper.sortMethods() took 0 ms.
[main] INFO org.testng.internal.Utils - [Utils] MethodGroupsHelper.collectMethodsByGroup() took 0 ms.
[main] INFO org.testng.internal.Utils - [Utils] MethodGroupsHelper.sortMethods() took 0 ms.
[main] INFO org.testng.internal.Utils - [Utils] MethodGroupsHelper.collectMethodsByGroup() took 0 ms.
[main] INFO org.testng.internal.Utils - [Utils] MethodGroupsHelper.sortMethods() took 0 ms.
[main] INFO org.testng.internal.Utils - [Utils] MethodGroupsHelper.collectMethodsByGroup() took 0 ms.
[main] INFO org.testng.internal.Utils - [Utils] MethodGroupsHelper.sortMethods() took 0 ms.
[main] INFO org.testng.internal.Utils - [XmlMethodSelector] Including method general.sent_invite()
[main] INFO org.testng.internal.Utils - [XmlMethodSelector] Including method general.Update_location()
[main] INFO org.testng.internal.Utils - [XmlMethodSelector] Including method general.Link_Invoice()
[main] INFO org.testng.internal.Utils - [XmlMethodSelector] Including method general.Notes_Add()
[main] INFO org.testng.internal.Utils - [XmlMethodSelector] Including method general.Link_Expense_Categories()
[main] INFO org.testng.internal.Utils - [XmlMethodSelector] Including method general.Preference()
[main] INFO org.testng.internal.Utils - [XmlMethodSelector] Including method general.Update_mydetails()
[main] INFO org.testng.internal.Utils - [XmlMethodSelector] Including method general.Sync_data()
[main] INFO org.testng.internal.Utils - [XmlMethodSelector] Including method general.Expense_category()
[main] INFO org.testng.internal.Utils - [XmlMethodSelector] Including method general.Reports()
[main] INFO org.testng.internal.Utils - [XmlMethodSelector] Including method general.Projects()
[main] INFO org.testng.internal.Utils - [XmlMethodSelector] Including method general.Quotes()
[main] INFO org.testng.internal.Utils - [XmlMethodSelector] Including method general.Invoices()
[main] INFO org.testng.internal.Utils - [XmlMethodSelector] Including method general.Supplier()
[main] INFO org.testng.internal.Utils - [XmlMethodSelector] Including method general.Purchase_Orders()
[main] INFO org.testng.internal.Utils - [Utils] MethodGroupsHelper.collectMethodsByGroup() took 0 ms.
[main] INFO org.testng.internal.Utils - [Utils] MethodGroupsHelper.sortMethods() took 2 ms.
[main] INFO org.testng.internal.Utils - [Utils] MethodGroupsHelper.collectMethodsByGroup() took 0 ms.
[main] INFO org.testng.internal.Utils - [Utils] MethodGroupsHelper.sortMethods() took 0 ms.
[main] INFO org.testng.internal.Utils - [Utils] MethodGroupsHelper.collectMethodsByGroup() took 0 ms.
[main] INFO org.testng.internal.Utils - [Utils] MethodGroupsHelper.sortMethods() took 0 ms.
[main] INFO org.testng.internal.Utils - [Invoker 666988784] Keeping method Login_Magic_link.LoginTOApplication()[pri:0, instance:general.Login_Magic_link@213deac2] for class null
[main] INFO org.testng.internal.Utils - [Invoker 666988784] Invoking @BeforeSuite Login_Magic_link.LoginTOApplication()[pri:0, instance:general.Login_Magic_link@213deac2]
Feb 02, 2024 4:17:44 PM io.appium.java_client.remote.AppiumCommandExecutor$1 lambda$0
INFO: Detected dialect: W3C
[main] INFO org.testng.internal.Utils - [SuiteRunner] Created 1 TestRunners
[main] INFO org.testng.internal.Utils - [TestRunner] Running test Starboard_test_cases on 7  classes,  included groups:[] excluded groups:[]
[main] INFO org.testng.TestClass - ===== Test class
general.Login_Magic_link
[main] INFO org.testng.TestClass - ======
[main] INFO org.testng.TestClass - ===== Test class
general.Invite_Crew
[main] INFO org.testng.TestClass -     @Test Invite_Crew.sent_invite()[pri:1, instance:general.Invite_Crew@389562d6]
[main] INFO org.testng.TestClass - ======
[main] INFO org.testng.TestClass - ===== Test class
general.Add_Location
[main] INFO org.testng.TestClass -     @Test Add_Location.Update_location()[pri:1, instance:general.Add_Location@5a101b1c]
[main] INFO org.testng.TestClass - ======
[main] INFO org.testng.TestClass - ===== Test class
general.Linking_Transactions
[main] INFO org.testng.TestClass -     @Test Linking_Transactions.Link_Invoice()[pri:1, instance:general.Linking_Transactions@2160e52a]
[main] INFO org.testng.TestClass -     @Test Linking_Transactions.Notes_Add()[pri:3, instance:general.Linking_Transactions@2160e52a]
[main] INFO org.testng.TestClass -     @Test Linking_Transactions.Link_Expense_Categories()[pri:2, instance:general.Linking_Transactions@2160e52a]
[main] INFO org.testng.TestClass - ======
[main] INFO org.testng.TestClass - ===== Test class
general.Setting_Preference
[main] INFO org.testng.TestClass -     @Test Setting_Preference.Preference()[pri:1, instance:general.Setting_Preference@29f0802c]
[main] INFO org.testng.TestClass -     @Test Setting_Preference.Update_mydetails()[pri:2, instance:general.Setting_Preference@29f0802c]
[main] INFO org.testng.TestClass - ======
[main] INFO org.testng.TestClass - ===== Test class
general.Setting_Yacht
[main] INFO org.testng.TestClass -     @Test Setting_Yacht.Sync_data()[pri:1, instance:general.Setting_Yacht@3a60c416]
[main] INFO org.testng.TestClass - ======
[main] INFO org.testng.TestClass - ===== Test class
general.More_Module
[main] INFO org.testng.TestClass -     @Test More_Module.Expense_category()[pri:7, instance:general.More_Module@60f2e0bd]
[main] INFO org.testng.TestClass -     @Test More_Module.Reports()[pri:6, instance:general.More_Module@60f2e0bd]
[main] INFO org.testng.TestClass -     @Test More_Module.Projects()[pri:5, instance:general.More_Module@60f2e0bd]
[main] INFO org.testng.TestClass -     @Test More_Module.Quotes()[pri:4, instance:general.More_Module@60f2e0bd]
[main] INFO org.testng.TestClass -     @Test More_Module.Invoices()[pri:3, instance:general.More_Module@60f2e0bd]
[main] INFO org.testng.TestClass -     @Test More_Module.Supplier()[pri:1, instance:general.More_Module@60f2e0bd]
[main] INFO org.testng.TestClass -     @Test More_Module.Purchase_Orders()[pri:2, instance:general.More_Module@60f2e0bd]
[main] INFO org.testng.TestClass - ======
[main] INFO org.testng.internal.Utils - [Utils] DynamicGraphHelper.createDynamicGraph() took 9 ms.
[main] INFO org.testng.internal.Utils - [Invoker 666988784] No configuration methods found
[main] INFO org.testng.internal.Utils - [Invoker 666988784] No configuration methods found
[main] INFO org.testng.internal.Utils - [Invoker 666988784] Invoking general.Invite_Crew.sent_invite
]]></system-err>
  </testcase>
  <testcase name="Update_location" classname="general.Add_Location" time="39.96">
    <system-err><![CDATA[[main] INFO org.testng.internal.Utils - [Invoker 666988784] No configuration methods found
[main] INFO org.testng.internal.Utils - [Invoker 666988784] No configuration methods found
[main] INFO org.testng.internal.Utils - [Invoker 666988784] No configuration methods found
[main] INFO org.testng.internal.Utils - [Invoker 666988784] No configuration methods found
[main] INFO org.testng.internal.Utils - [Invoker 666988784] Invoking general.Add_Location.Update_location
]]></system-err>
  </testcase>
  <testcase name="Link_Invoice" classname="general.Linking_Transactions" time="56.755">
    <failure message="Expected condition failed: waiting for visibility of element located by By.xpath: //XCUIElementTypeButton[@name=&quot;Save&quot;] (tried for 30 second(s) with 500 milliseconds interval)" type="java.lang.AssertionError"><![CDATA[java.lang.AssertionError: Expected condition failed: waiting for visibility of element located by By.xpath: //XCUIElementTypeButton[@name="Save"] (tried for 30 second(s) with 500 milliseconds interval)
	at general.Linking_Transactions.Link_Invoice(Linking_Transactions.java:79)
]]></failure>
    <system-err><![CDATA[[main] INFO org.testng.internal.Utils - [Invoker 666988784] No configuration methods found
[main] INFO org.testng.internal.Utils - [Invoker 666988784] No configuration methods found
[main] INFO org.testng.internal.Utils - [Invoker 666988784] No configuration methods found
[main] INFO org.testng.internal.Utils - [Invoker 666988784] No configuration methods found
[main] INFO org.testng.internal.Utils - [Invoker 666988784] Invoking general.Linking_Transactions.Link_Invoice
]]></system-err>
  </testcase>
  <testcase name="Link_Expense_Categories" classname="general.Linking_Transactions" time="37.641">
    <system-err><![CDATA[[main] INFO org.testng.internal.Utils - [Invoker 666988784] No configuration methods found
[main] INFO org.testng.internal.Utils - [Invoker 666988784] No configuration methods found
[main] INFO org.testng.internal.Utils - [Invoker 666988784] Invoking general.Linking_Transactions.Link_Expense_Categories
]]></system-err>
  </testcase>
  <testcase name="Notes_Add" classname="general.Linking_Transactions" time="45.35">
    <system-err><![CDATA[[main] INFO org.testng.internal.Utils - [Invoker 666988784] No configuration methods found
[main] INFO org.testng.internal.Utils - [Invoker 666988784] No configuration methods found
[main] INFO org.testng.internal.Utils - [Invoker 666988784] Invoking general.Linking_Transactions.Notes_Add
]]></system-err>
  </testcase>
  <testcase name="Preference" classname="general.Setting_Preference" time="25.029">
    <system-err><![CDATA[[main] INFO org.testng.internal.Utils - [Invoker 666988784] No configuration methods found
[main] INFO org.testng.internal.Utils - [Invoker 666988784] No configuration methods found
[main] INFO org.testng.internal.Utils - [Invoker 666988784] No configuration methods found
[main] INFO org.testng.internal.Utils - [Invoker 666988784] No configuration methods found
[main] INFO org.testng.internal.Utils - [Invoker 666988784] Invoking general.Setting_Preference.Preference
]]></system-err>
  </testcase>
  <testcase name="Update_mydetails" classname="general.Setting_Preference" time="31.79">
    <system-err><![CDATA[[main] INFO org.testng.internal.Utils - [Invoker 666988784] No configuration methods found
[main] INFO org.testng.internal.Utils - [Invoker 666988784] No configuration methods found
[main] INFO org.testng.internal.Utils - [Invoker 666988784] Invoking general.Setting_Preference.Update_mydetails
]]></system-err>
  </testcase>
  <testcase name="Sync_data" classname="general.Setting_Yacht" time="21.023">
    <system-err><![CDATA[[main] INFO org.testng.internal.Utils - [Invoker 666988784] No configuration methods found
[main] INFO org.testng.internal.Utils - [Invoker 666988784] No configuration methods found
[main] INFO org.testng.internal.Utils - [Invoker 666988784] No configuration methods found
[main] INFO org.testng.internal.Utils - [Invoker 666988784] No configuration methods found
[main] INFO org.testng.internal.Utils - [Invoker 666988784] Invoking general.Setting_Yacht.Sync_data
]]></system-err>
  </testcase>
  <testcase name="Supplier" classname="general.More_Module" time="58.585">
    <system-err><![CDATA[[main] INFO org.testng.internal.Utils - [Invoker 666988784] No configuration methods found
[main] INFO org.testng.internal.Utils - [Invoker 666988784] No configuration methods found
[main] INFO org.testng.internal.Utils - [Invoker 666988784] No configuration methods found
[main] INFO org.testng.internal.Utils - [Invoker 666988784] No configuration methods found
[main] INFO org.testng.internal.Utils - [Invoker 666988784] Invoking general.More_Module.Supplier
]]></system-err>
  </testcase>
  <testcase name="Purchase_Orders" classname="general.More_Module" time="36.616">
    <system-err><![CDATA[[main] INFO org.testng.internal.Utils - [Invoker 666988784] No configuration methods found
[main] INFO org.testng.internal.Utils - [Invoker 666988784] No configuration methods found
[main] INFO org.testng.internal.Utils - [Invoker 666988784] Invoking general.More_Module.Purchase_Orders
]]></system-err>
  </testcase>
  <testcase name="Invoices" classname="general.More_Module" time="38.669">
    <system-err><![CDATA[[main] INFO org.testng.internal.Utils - [Invoker 666988784] No configuration methods found
[main] INFO org.testng.internal.Utils - [Invoker 666988784] No configuration methods found
[main] INFO org.testng.internal.Utils - [Invoker 666988784] Invoking general.More_Module.Invoices
]]></system-err>
  </testcase>
  <testcase name="Quotes" classname="general.More_Module" time="38.828">
    <system-err><![CDATA[[main] INFO org.testng.internal.Utils - [Invoker 666988784] No configuration methods found
[main] INFO org.testng.internal.Utils - [Invoker 666988784] No configuration methods found
[main] INFO org.testng.internal.Utils - [Invoker 666988784] Invoking general.More_Module.Quotes
]]></system-err>
  </testcase>
  <testcase name="Projects" classname="general.More_Module" time="62.653">
    <failure message="An element could not be located on the page using the given search parameters.&#10;For documentation on this error, please visit: https://www.seleniumhq.org/exceptions/no_such_element.html&#10;Build info: version: &apos;3.141.59&apos;, revision: &apos;e82be7d358&apos;, time: &apos;2018-11-14T08:17:03&apos;&#10;System info: host: &apos;Apples-MBP-2&apos;, ip: &apos;fe80:0:0:0:40f:bbdc:f93b:a90b%en0&apos;, os.name: &apos;Mac OS X&apos;, os.arch: &apos;x86_64&apos;, os.version: &apos;13.6.4&apos;, java.version: &apos;21.0.1&apos;&#10;Driver info: io.appium.java_client.ios.IOSDriver&#10;Capabilities {app: /Users/apple/Library/Develo..., appActivity: com.impossible-research.san..., appPackage: com.impossible-research.san..., autoAcceptAlerts: true, automationName: XCUITest, browserName: , databaseEnabled: false, deviceName: iPhone 15 Pro Max, javascriptEnabled: true, locationContextEnabled: false, networkConnectionEnabled: false, noReset: true, platform: MAC, platformName: iOS, takesScreenshot: true, udid: 2D8F97C4-F4B4-40FA-92EF-36F..., webStorageEnabled: false}&#10;Session ID: 9077707e-99c1-4030-8cb7-8e5aa45e3c48&#10;*** Element info: {Using=xpath, value=//XCUIElementTypeButton[@name=&quot;Save&quot;]}" type="java.lang.AssertionError"><![CDATA[java.lang.AssertionError: 
An element could not be located on the page using the given search parameters.
For documentation on this error, please visit: https://www.seleniumhq.org/exceptions/no_such_element.html
Build info: version: '3.141.59', revision: 'e82be7d358', time: '2018-11-14T08:17:03'
System info: host: 'Apples-MBP-2', ip: 'fe80:0:0:0:40f:bbdc:f93b:a90b%en0', os.name: 'Mac OS X', os.arch: 'x86_64', os.version: '13.6.4', java.version: '21.0.1'
Driver info: io.appium.java_client.ios.IOSDriver
Capabilities {app: /Users/apple/Library/Develo..., appActivity: com.impossible-research.san..., appPackage: com.impossible-research.san..., autoAcceptAlerts: true, automationName: XCUITest, browserName: , databaseEnabled: false, deviceName: iPhone 15 Pro Max, javascriptEnabled: true, locationContextEnabled: false, networkConnectionEnabled: false, noReset: true, platform: MAC, platformName: iOS, takesScreenshot: true, udid: 2D8F97C4-F4B4-40FA-92EF-36F..., webStorageEnabled: false}
Session ID: 9077707e-99c1-4030-8cb7-8e5aa45e3c48
*** Element info: {Using=xpath, value=//XCUIElementTypeButton[@name="Save"]}
	at general.More_Module.Projects(More_Module.java:419)
]]></failure>
    <system-out><![CDATA[**********---------- Click on Description   **********----------
**********---------- Click on Description field    **********----------
**********---------- Description data added.    **********----------
]]></system-out>
    <system-err><![CDATA[[main] INFO org.testng.internal.Utils - [Invoker 666988784] No configuration methods found
[main] INFO org.testng.internal.Utils - [Invoker 666988784] No configuration methods found
[main] INFO org.testng.internal.Utils - [Invoker 666988784] Invoking general.More_Module.Projects
]]></system-err>
  </testcase>
  <testcase name="Reports" classname="general.More_Module" time="85.076">
    <system-err><![CDATA[[main] INFO org.testng.internal.Utils - [Invoker 666988784] No configuration methods found
[main] INFO org.testng.internal.Utils - [Invoker 666988784] No configuration methods found
[main] INFO org.testng.internal.Utils - [Invoker 666988784] Invoking general.More_Module.Reports
]]></system-err>
  </testcase>
  <testcase name="Expense_category" classname="general.More_Module" time="38.515">
    <system-err><![CDATA[[main] INFO org.testng.internal.Utils - [Invoker 666988784] No configuration methods found
[main] INFO org.testng.internal.Utils - [Invoker 666988784] No configuration methods found
[main] INFO org.testng.internal.Utils - [Invoker 666988784] Invoking general.More_Module.Expense_category
]]></system-err>
  </testcase>
</testsuite>