<?xml version="1.0" encoding="UTF-8"?>
<!-- Generated by org.testng.reporters.JUnitXMLReporter -->
<testsuite ignored="2" hostname="Apples-MBP-2" failures="0" tests="1" name="Starboard_test_cases" time="55.531" errors="0" timestamp="2024-02-08T16:09:59 IST">
  <testcase classname="general.Invite_Crew" name="Sent_invite" time="55.031"/>
  <testcase classname="general.Login_Magic_link" name="@AfterSuite TearDown" time="0.0">
    <ignored/>
  </testcase> <!-- @AfterSuite TearDown -->
  <testcase classname="general.Login_Magic_link" name="@BeforeSuite LoginTOApplication" time="0.0">
    <ignored/>
  </testcase> <!-- @BeforeSuite LoginTOApplication -->
</testsuite> <!-- Starboard_test_cases -->
